    52>D:\projects\misis2024f-check\misis2024f-24-01-evstigneev-d-a\prj.lab\rational\rational.hpp(58,14): error C2039: "ostream": не является членом "std". [D:\projects\misis2024f-check\misis2024f-24-01-evstigneev-d-a\build.check\prj.check\prj.check\doctest_rational\doctest_rational_io.vcxproj]
    52>D:\projects\misis2024f-check\misis2024f-24-01-evstigneev-d-a\prj.lab\rational\rational.hpp(58,21): error C2143: синтаксическая ошибка: отсутствие ";" перед "&" [D:\projects\misis2024f-check\misis2024f-24-01-evstigneev-d-a\build.check\prj.check\prj.check\doctest_rational\doctest_rational_io.vcxproj]
    52>D:\projects\misis2024f-check\misis2024f-24-01-evstigneev-d-a\prj.lab\rational\rational.hpp(58,21): error C4430: отсутствует спецификатор типа - предполагается int. Примечание. C++ не поддерживает int по умолчанию [D:\projects\misis2024f-check\misis2024f-24-01-evstigneev-d-a\build.check\prj.check\prj.check\doctest_rational\doctest_rational_io.vcxproj]
    52>D:\projects\misis2024f-check\misis2024f-24-01-evstigneev-d-a\prj.lab\rational\rational.hpp(58,34): error C2039: "ostream": не является членом "std". [D:\projects\misis2024f-check\misis2024f-24-01-evstigneev-d-a\build.check\prj.check\prj.check\doctest_rational\doctest_rational_io.vcxproj]
    52>D:\projects\misis2024f-check\misis2024f-24-01-evstigneev-d-a\prj.lab\rational\rational.hpp(58,68): error C2238: непредвиденные лексемы перед ";" [D:\projects\misis2024f-check\misis2024f-24-01-evstigneev-d-a\build.check\prj.check\prj.check\doctest_rational\doctest_rational_io.vcxproj]
    52>D:\projects\misis2024f-check\misis2024f-24-01-evstigneev-d-a\prj.lab\rational\rational.hpp(61,14): error C2039: "istream": не является членом "std". [D:\projects\misis2024f-check\misis2024f-24-01-evstigneev-d-a\build.check\prj.check\prj.check\doctest_rational\doctest_rational_io.vcxproj]
    52>D:\projects\misis2024f-check\misis2024f-24-01-evstigneev-d-a\prj.lab\rational\rational.hpp(61,21): error C2143: синтаксическая ошибка: отсутствие ";" перед "&" [D:\projects\misis2024f-check\misis2024f-24-01-evstigneev-d-a\build.check\prj.check\prj.check\doctest_rational\doctest_rational_io.vcxproj]
    52>D:\projects\misis2024f-check\misis2024f-24-01-evstigneev-d-a\prj.lab\rational\rational.hpp(61,21): error C4430: отсутствует спецификатор типа - предполагается int. Примечание. C++ не поддерживает int по умолчанию [D:\projects\misis2024f-check\misis2024f-24-01-evstigneev-d-a\build.check\prj.check\prj.check\doctest_rational\doctest_rational_io.vcxproj]
    52>D:\projects\misis2024f-check\misis2024f-24-01-evstigneev-d-a\prj.lab\rational\rational.hpp(61,33): error C2039: "istream": не является членом "std". [D:\projects\misis2024f-check\misis2024f-24-01-evstigneev-d-a\build.check\prj.check\prj.check\doctest_rational\doctest_rational_io.vcxproj]
    52>D:\projects\misis2024f-check\misis2024f-24-01-evstigneev-d-a\prj.lab\rational\rational.hpp(61,60): error C2238: непредвиденные лексемы перед ";" [D:\projects\misis2024f-check\misis2024f-24-01-evstigneev-d-a\build.check\prj.check\prj.check\doctest_rational\doctest_rational_io.vcxproj]
    52>D:\projects\misis2024f-check\misis2024f-24-01-evstigneev-d-a\prj.lab\rational\rational.hpp(161,13): error C2039: "ostream": не является членом "std". [D:\projects\misis2024f-check\misis2024f-24-01-evstigneev-d-a\build.check\prj.check\prj.check\doctest_rational\doctest_rational_io.vcxproj]
    52>D:\projects\misis2024f-check\misis2024f-24-01-evstigneev-d-a\prj.lab\rational\rational.hpp(161,20): error C2143: синтаксическая ошибка: отсутствие ";" перед "&" [D:\projects\misis2024f-check\misis2024f-24-01-evstigneev-d-a\build.check\prj.check\prj.check\doctest_rational\doctest_rational_io.vcxproj]
    52>D:\projects\misis2024f-check\misis2024f-24-01-evstigneev-d-a\prj.lab\rational\rational.hpp(161,20): error C4430: отсутствует спецификатор типа - предполагается int. Примечание. C++ не поддерживает int по умолчанию [D:\projects\misis2024f-check\misis2024f-24-01-evstigneev-d-a\build.check\prj.check\prj.check\doctest_rational\doctest_rational_io.vcxproj]
    52>D:\projects\misis2024f-check\misis2024f-24-01-evstigneev-d-a\prj.lab\rational\rational.hpp(161,38): error C2039: "ostream": не является членом "std". [D:\projects\misis2024f-check\misis2024f-24-01-evstigneev-d-a\build.check\prj.check\prj.check\doctest_rational\doctest_rational_io.vcxproj]
    52>D:\projects\misis2024f-check\misis2024f-24-01-evstigneev-d-a\prj.lab\rational\rational.hpp(161,22): error C2473: operator <<: выглядит как определение функции, но без списка параметров. [D:\projects\misis2024f-check\misis2024f-24-01-evstigneev-d-a\build.check\prj.check\prj.check\doctest_rational\doctest_rational_io.vcxproj]
    52>D:\projects\misis2024f-check\misis2024f-24-01-evstigneev-d-a\prj.lab\rational\rational.hpp(161,45): error C4430: отсутствует спецификатор типа - предполагается int. Примечание. C++ не поддерживает int по умолчанию [D:\projects\misis2024f-check\misis2024f-24-01-evstigneev-d-a\build.check\prj.check\prj.check\doctest_rational\doctest_rational_io.vcxproj]
    52>D:\projects\misis2024f-check\misis2024f-24-01-evstigneev-d-a\prj.lab\rational\rational.hpp(161,47): error C2065: outstream: необъявленный идентификатор [D:\projects\misis2024f-check\misis2024f-24-01-evstigneev-d-a\build.check\prj.check\prj.check\doctest_rational\doctest_rational_io.vcxproj]
    52>D:\projects\misis2024f-check\misis2024f-24-01-evstigneev-d-a\prj.lab\rational\rational.hpp(161,58): error C2059: синтаксическая ошибка: const [D:\projects\misis2024f-check\misis2024f-24-01-evstigneev-d-a\build.check\prj.check\prj.check\doctest_rational\doctest_rational_io.vcxproj]
    52>D:\projects\misis2024f-check\misis2024f-24-01-evstigneev-d-a\prj.lab\rational\rational.hpp(161,88): error C2143: синтаксическая ошибка: отсутствие ";" перед "{" [D:\projects\misis2024f-check\misis2024f-24-01-evstigneev-d-a\build.check\prj.check\prj.check\doctest_rational\doctest_rational_io.vcxproj]
    52>D:\projects\misis2024f-check\misis2024f-24-01-evstigneev-d-a\prj.lab\rational\rational.hpp(161,88): error C2447: {: отсутствует заголовок функции (возможно, используется формальный список старого типа) [D:\projects\misis2024f-check\misis2024f-24-01-evstigneev-d-a\build.check\prj.check\prj.check\doctest_rational\doctest_rational_io.vcxproj]
    52>D:\projects\misis2024f-check\misis2024f-24-01-evstigneev-d-a\prj.lab\rational\rational.hpp(164,13): error C2039: "istream": не является членом "std". [D:\projects\misis2024f-check\misis2024f-24-01-evstigneev-d-a\build.check\prj.check\prj.check\doctest_rational\doctest_rational_io.vcxproj]
    52>D:\projects\misis2024f-check\misis2024f-24-01-evstigneev-d-a\prj.lab\rational\rational.hpp(164,20): error C2143: синтаксическая ошибка: отсутствие ";" перед "&" [D:\projects\misis2024f-check\misis2024f-24-01-evstigneev-d-a\build.check\prj.check\prj.check\doctest_rational\doctest_rational_io.vcxproj]
    52>D:\projects\misis2024f-check\misis2024f-24-01-evstigneev-d-a\prj.lab\rational\rational.hpp(164,20): error C4430: отсутствует спецификатор типа - предполагается int. Примечание. C++ не поддерживает int по умолчанию [D:\projects\misis2024f-check\misis2024f-24-01-evstigneev-d-a\build.check\prj.check\prj.check\doctest_rational\doctest_rational_io.vcxproj]
    52>D:\projects\misis2024f-check\misis2024f-24-01-evstigneev-d-a\prj.lab\rational\rational.hpp(164,38): error C2039: "istream": не является членом "std". [D:\projects\misis2024f-check\misis2024f-24-01-evstigneev-d-a\build.check\prj.check\prj.check\doctest_rational\doctest_rational_io.vcxproj]
    52>D:\projects\misis2024f-check\misis2024f-24-01-evstigneev-d-a\prj.lab\rational\rational.hpp(164,22): error C2473: operator >>: выглядит как определение функции, но без списка параметров. [D:\projects\misis2024f-check\misis2024f-24-01-evstigneev-d-a\build.check\prj.check\prj.check\doctest_rational\doctest_rational_io.vcxproj]
    52>D:\projects\misis2024f-check\misis2024f-24-01-evstigneev-d-a\prj.lab\rational\rational.hpp(164,45): error C4430: отсутствует спецификатор типа - предполагается int. Примечание. C++ не поддерживает int по умолчанию [D:\projects\misis2024f-check\misis2024f-24-01-evstigneev-d-a\build.check\prj.check\prj.check\doctest_rational\doctest_rational_io.vcxproj]
    52>D:\projects\misis2024f-check\misis2024f-24-01-evstigneev-d-a\prj.lab\rational\rational.hpp(164,47): error C2065: instream: необъявленный идентификатор [D:\projects\misis2024f-check\misis2024f-24-01-evstigneev-d-a\build.check\prj.check\prj.check\doctest_rational\doctest_rational_io.vcxproj]
    52>D:\projects\misis2024f-check\misis2024f-24-01-evstigneev-d-a\prj.lab\rational\rational.hpp(164,67): error C2065: rhs: необъявленный идентификатор [D:\projects\misis2024f-check\misis2024f-24-01-evstigneev-d-a\build.check\prj.check\prj.check\doctest_rational\doctest_rational_io.vcxproj]
    52>D:\projects\misis2024f-check\misis2024f-24-01-evstigneev-d-a\prj.lab\rational\rational.hpp(164,57): error C2275: "Rational": ожидается выражение вместо типа [D:\projects\misis2024f-check\misis2024f-24-01-evstigneev-d-a\build.check\prj.check\prj.check\doctest_rational\doctest_rational_io.vcxproj]
    52>D:\projects\misis2024f-check\misis2024f-24-01-evstigneev-d-a\prj.lab\rational\rational.hpp(164,32): error C2440: инициализация: невозможно преобразовать "initializer list" в "int &" [D:\projects\misis2024f-check\misis2024f-24-01-evstigneev-d-a\build.check\prj.check\prj.check\doctest_rational\doctest_rational_io.vcxproj]
    52>D:\projects\misis2024f-check\misis2024f-24-01-evstigneev-d-a\prj.lab\rational\rational.hpp(164,72): error C2059: синтаксическая ошибка: noexcept [D:\projects\misis2024f-check\misis2024f-24-01-evstigneev-d-a\build.check\prj.check\prj.check\doctest_rational\doctest_rational_io.vcxproj]
    52>D:\projects\misis2024f-check\misis2024f-24-01-evstigneev-d-a\prj.lab\rational\rational.hpp(164,81): error C2143: синтаксическая ошибка: отсутствие ";" перед "{" [D:\projects\misis2024f-check\misis2024f-24-01-evstigneev-d-a\build.check\prj.check\prj.check\doctest_rational\doctest_rational_io.vcxproj]
    52>D:\projects\misis2024f-check\misis2024f-24-01-evstigneev-d-a\prj.lab\rational\rational.hpp(164,81): error C2447: {: отсутствует заголовок функции (возможно, используется формальный список старого типа) [D:\projects\misis2024f-check\misis2024f-24-01-evstigneev-d-a\build.check\prj.check\prj.check\doctest_rational\doctest_rational_io.vcxproj]
    52>D:\programs\vcpkg\installed\x64-windows\include\doctest\doctest.h(1172,1): error C1907: не удается восстановить после предыдущих ошибок; остановка компиляции [D:\projects\misis2024f-check\misis2024f-24-01-evstigneev-d-a\build.check\prj.check\prj.check\doctest_rational\doctest_rational_io.vcxproj]
    55>D:\projects\misis2024f-check\misis2024f-24-01-evstigneev-d-a\prj.lab\rational\rational.hpp(58,14): error C2039: "ostream": не является членом "std". [D:\projects\misis2024f-check\misis2024f-24-01-evstigneev-d-a\build.check\prj.test\rational_test.vcxproj]
    55>D:\projects\misis2024f-check\misis2024f-24-01-evstigneev-d-a\prj.lab\rational\rational.hpp(58,21): error C2143: синтаксическая ошибка: отсутствие ";" перед "&" [D:\projects\misis2024f-check\misis2024f-24-01-evstigneev-d-a\build.check\prj.test\rational_test.vcxproj]
    55>D:\projects\misis2024f-check\misis2024f-24-01-evstigneev-d-a\prj.lab\rational\rational.hpp(58,21): error C4430: отсутствует спецификатор типа - предполагается int. Примечание. C++ не поддерживает int по умолчанию [D:\projects\misis2024f-check\misis2024f-24-01-evstigneev-d-a\build.check\prj.test\rational_test.vcxproj]
    55>D:\projects\misis2024f-check\misis2024f-24-01-evstigneev-d-a\prj.lab\rational\rational.hpp(58,34): error C2039: "ostream": не является членом "std". [D:\projects\misis2024f-check\misis2024f-24-01-evstigneev-d-a\build.check\prj.test\rational_test.vcxproj]
    55>D:\projects\misis2024f-check\misis2024f-24-01-evstigneev-d-a\prj.lab\rational\rational.hpp(58,68): error C2238: непредвиденные лексемы перед ";" [D:\projects\misis2024f-check\misis2024f-24-01-evstigneev-d-a\build.check\prj.test\rational_test.vcxproj]
    55>D:\projects\misis2024f-check\misis2024f-24-01-evstigneev-d-a\prj.lab\rational\rational.hpp(61,14): error C2039: "istream": не является членом "std". [D:\projects\misis2024f-check\misis2024f-24-01-evstigneev-d-a\build.check\prj.test\rational_test.vcxproj]
    55>D:\projects\misis2024f-check\misis2024f-24-01-evstigneev-d-a\prj.lab\rational\rational.hpp(61,21): error C2143: синтаксическая ошибка: отсутствие ";" перед "&" [D:\projects\misis2024f-check\misis2024f-24-01-evstigneev-d-a\build.check\prj.test\rational_test.vcxproj]
    55>D:\projects\misis2024f-check\misis2024f-24-01-evstigneev-d-a\prj.lab\rational\rational.hpp(61,21): error C4430: отсутствует спецификатор типа - предполагается int. Примечание. C++ не поддерживает int по умолчанию [D:\projects\misis2024f-check\misis2024f-24-01-evstigneev-d-a\build.check\prj.test\rational_test.vcxproj]
    55>D:\projects\misis2024f-check\misis2024f-24-01-evstigneev-d-a\prj.lab\rational\rational.hpp(61,33): error C2039: "istream": не является членом "std". [D:\projects\misis2024f-check\misis2024f-24-01-evstigneev-d-a\build.check\prj.test\rational_test.vcxproj]
    55>D:\projects\misis2024f-check\misis2024f-24-01-evstigneev-d-a\prj.lab\rational\rational.hpp(61,60): error C2238: непредвиденные лексемы перед ";" [D:\projects\misis2024f-check\misis2024f-24-01-evstigneev-d-a\build.check\prj.test\rational_test.vcxproj]
    55>D:\projects\misis2024f-check\misis2024f-24-01-evstigneev-d-a\prj.lab\rational\rational.hpp(161,13): error C2039: "ostream": не является членом "std". [D:\projects\misis2024f-check\misis2024f-24-01-evstigneev-d-a\build.check\prj.test\rational_test.vcxproj]
    55>D:\projects\misis2024f-check\misis2024f-24-01-evstigneev-d-a\prj.lab\rational\rational.hpp(161,20): error C2143: синтаксическая ошибка: отсутствие ";" перед "&" [D:\projects\misis2024f-check\misis2024f-24-01-evstigneev-d-a\build.check\prj.test\rational_test.vcxproj]
    55>D:\projects\misis2024f-check\misis2024f-24-01-evstigneev-d-a\prj.lab\rational\rational.hpp(161,20): error C4430: отсутствует спецификатор типа - предполагается int. Примечание. C++ не поддерживает int по умолчанию [D:\projects\misis2024f-check\misis2024f-24-01-evstigneev-d-a\build.check\prj.test\rational_test.vcxproj]
    55>D:\projects\misis2024f-check\misis2024f-24-01-evstigneev-d-a\prj.lab\rational\rational.hpp(161,38): error C2039: "ostream": не является членом "std". [D:\projects\misis2024f-check\misis2024f-24-01-evstigneev-d-a\build.check\prj.test\rational_test.vcxproj]
    55>D:\projects\misis2024f-check\misis2024f-24-01-evstigneev-d-a\prj.lab\rational\rational.hpp(161,22): error C2473: operator <<: выглядит как определение функции, но без списка параметров. [D:\projects\misis2024f-check\misis2024f-24-01-evstigneev-d-a\build.check\prj.test\rational_test.vcxproj]
    55>D:\projects\misis2024f-check\misis2024f-24-01-evstigneev-d-a\prj.lab\rational\rational.hpp(161,45): error C4430: отсутствует спецификатор типа - предполагается int. Примечание. C++ не поддерживает int по умолчанию [D:\projects\misis2024f-check\misis2024f-24-01-evstigneev-d-a\build.check\prj.test\rational_test.vcxproj]
    55>D:\projects\misis2024f-check\misis2024f-24-01-evstigneev-d-a\prj.lab\rational\rational.hpp(161,47): error C2065: outstream: необъявленный идентификатор [D:\projects\misis2024f-check\misis2024f-24-01-evstigneev-d-a\build.check\prj.test\rational_test.vcxproj]
    55>D:\projects\misis2024f-check\misis2024f-24-01-evstigneev-d-a\prj.lab\rational\rational.hpp(161,58): error C2059: синтаксическая ошибка: const [D:\projects\misis2024f-check\misis2024f-24-01-evstigneev-d-a\build.check\prj.test\rational_test.vcxproj]
    55>D:\projects\misis2024f-check\misis2024f-24-01-evstigneev-d-a\prj.lab\rational\rational.hpp(161,88): error C2143: синтаксическая ошибка: отсутствие ";" перед "{" [D:\projects\misis2024f-check\misis2024f-24-01-evstigneev-d-a\build.check\prj.test\rational_test.vcxproj]
    55>D:\projects\misis2024f-check\misis2024f-24-01-evstigneev-d-a\prj.lab\rational\rational.hpp(161,88): error C2447: {: отсутствует заголовок функции (возможно, используется формальный список старого типа) [D:\projects\misis2024f-check\misis2024f-24-01-evstigneev-d-a\build.check\prj.test\rational_test.vcxproj]
    55>D:\projects\misis2024f-check\misis2024f-24-01-evstigneev-d-a\prj.lab\rational\rational.hpp(164,13): error C2039: "istream": не является членом "std". [D:\projects\misis2024f-check\misis2024f-24-01-evstigneev-d-a\build.check\prj.test\rational_test.vcxproj]
    55>D:\projects\misis2024f-check\misis2024f-24-01-evstigneev-d-a\prj.lab\rational\rational.hpp(164,20): error C2143: синтаксическая ошибка: отсутствие ";" перед "&" [D:\projects\misis2024f-check\misis2024f-24-01-evstigneev-d-a\build.check\prj.test\rational_test.vcxproj]
    55>D:\projects\misis2024f-check\misis2024f-24-01-evstigneev-d-a\prj.lab\rational\rational.hpp(164,20): error C4430: отсутствует спецификатор типа - предполагается int. Примечание. C++ не поддерживает int по умолчанию [D:\projects\misis2024f-check\misis2024f-24-01-evstigneev-d-a\build.check\prj.test\rational_test.vcxproj]
    55>D:\projects\misis2024f-check\misis2024f-24-01-evstigneev-d-a\prj.lab\rational\rational.hpp(164,38): error C2039: "istream": не является членом "std". [D:\projects\misis2024f-check\misis2024f-24-01-evstigneev-d-a\build.check\prj.test\rational_test.vcxproj]
    55>D:\projects\misis2024f-check\misis2024f-24-01-evstigneev-d-a\prj.lab\rational\rational.hpp(164,22): error C2473: operator >>: выглядит как определение функции, но без списка параметров. [D:\projects\misis2024f-check\misis2024f-24-01-evstigneev-d-a\build.check\prj.test\rational_test.vcxproj]
    55>D:\projects\misis2024f-check\misis2024f-24-01-evstigneev-d-a\prj.lab\rational\rational.hpp(164,45): error C4430: отсутствует спецификатор типа - предполагается int. Примечание. C++ не поддерживает int по умолчанию [D:\projects\misis2024f-check\misis2024f-24-01-evstigneev-d-a\build.check\prj.test\rational_test.vcxproj]
    55>D:\projects\misis2024f-check\misis2024f-24-01-evstigneev-d-a\prj.lab\rational\rational.hpp(164,47): error C2065: instream: необъявленный идентификатор [D:\projects\misis2024f-check\misis2024f-24-01-evstigneev-d-a\build.check\prj.test\rational_test.vcxproj]
    55>D:\projects\misis2024f-check\misis2024f-24-01-evstigneev-d-a\prj.lab\rational\rational.hpp(164,67): error C2065: rhs: необъявленный идентификатор [D:\projects\misis2024f-check\misis2024f-24-01-evstigneev-d-a\build.check\prj.test\rational_test.vcxproj]
    55>D:\projects\misis2024f-check\misis2024f-24-01-evstigneev-d-a\prj.lab\rational\rational.hpp(164,57): error C2275: "Rational": ожидается выражение вместо типа [D:\projects\misis2024f-check\misis2024f-24-01-evstigneev-d-a\build.check\prj.test\rational_test.vcxproj]
    55>D:\projects\misis2024f-check\misis2024f-24-01-evstigneev-d-a\prj.lab\rational\rational.hpp(164,32): error C2440: инициализация: невозможно преобразовать "initializer list" в "int &" [D:\projects\misis2024f-check\misis2024f-24-01-evstigneev-d-a\build.check\prj.test\rational_test.vcxproj]
    55>D:\projects\misis2024f-check\misis2024f-24-01-evstigneev-d-a\prj.lab\rational\rational.hpp(164,72): error C2059: синтаксическая ошибка: noexcept [D:\projects\misis2024f-check\misis2024f-24-01-evstigneev-d-a\build.check\prj.test\rational_test.vcxproj]
    55>D:\projects\misis2024f-check\misis2024f-24-01-evstigneev-d-a\prj.lab\rational\rational.hpp(164,81): error C2143: синтаксическая ошибка: отсутствие ";" перед "{" [D:\projects\misis2024f-check\misis2024f-24-01-evstigneev-d-a\build.check\prj.test\rational_test.vcxproj]
    55>D:\projects\misis2024f-check\misis2024f-24-01-evstigneev-d-a\prj.lab\rational\rational.hpp(164,81): error C2447: {: отсутствует заголовок функции (возможно, используется формальный список старого типа) [D:\projects\misis2024f-check\misis2024f-24-01-evstigneev-d-a\build.check\prj.test\rational_test.vcxproj]
    54>D:\projects\misis2024f-check\misis2024f-24-01-evstigneev-d-a\prj.lab\rational\rational.hpp(58,14): error C2039: "ostream": не является членом "std". [D:\projects\misis2024f-check\misis2024f-24-01-evstigneev-d-a\build.check\prj.test\rational_doctest.vcxproj]
    54>D:\projects\misis2024f-check\misis2024f-24-01-evstigneev-d-a\prj.lab\rational\rational.hpp(58,21): error C2143: синтаксическая ошибка: отсутствие ";" перед "&" [D:\projects\misis2024f-check\misis2024f-24-01-evstigneev-d-a\build.check\prj.test\rational_doctest.vcxproj]
    54>D:\projects\misis2024f-check\misis2024f-24-01-evstigneev-d-a\prj.lab\rational\rational.hpp(58,21): error C4430: отсутствует спецификатор типа - предполагается int. Примечание. C++ не поддерживает int по умолчанию [D:\projects\misis2024f-check\misis2024f-24-01-evstigneev-d-a\build.check\prj.test\rational_doctest.vcxproj]
    54>D:\projects\misis2024f-check\misis2024f-24-01-evstigneev-d-a\prj.lab\rational\rational.hpp(58,34): error C2039: "ostream": не является членом "std". [D:\projects\misis2024f-check\misis2024f-24-01-evstigneev-d-a\build.check\prj.test\rational_doctest.vcxproj]
    54>D:\projects\misis2024f-check\misis2024f-24-01-evstigneev-d-a\prj.lab\rational\rational.hpp(58,68): error C2238: непредвиденные лексемы перед ";" [D:\projects\misis2024f-check\misis2024f-24-01-evstigneev-d-a\build.check\prj.test\rational_doctest.vcxproj]
    54>D:\projects\misis2024f-check\misis2024f-24-01-evstigneev-d-a\prj.lab\rational\rational.hpp(61,14): error C2039: "istream": не является членом "std". [D:\projects\misis2024f-check\misis2024f-24-01-evstigneev-d-a\build.check\prj.test\rational_doctest.vcxproj]
    54>D:\projects\misis2024f-check\misis2024f-24-01-evstigneev-d-a\prj.lab\rational\rational.hpp(61,21): error C2143: синтаксическая ошибка: отсутствие ";" перед "&" [D:\projects\misis2024f-check\misis2024f-24-01-evstigneev-d-a\build.check\prj.test\rational_doctest.vcxproj]
    54>D:\projects\misis2024f-check\misis2024f-24-01-evstigneev-d-a\prj.lab\rational\rational.hpp(61,21): error C4430: отсутствует спецификатор типа - предполагается int. Примечание. C++ не поддерживает int по умолчанию [D:\projects\misis2024f-check\misis2024f-24-01-evstigneev-d-a\build.check\prj.test\rational_doctest.vcxproj]
    54>D:\projects\misis2024f-check\misis2024f-24-01-evstigneev-d-a\prj.lab\rational\rational.hpp(61,33): error C2039: "istream": не является членом "std". [D:\projects\misis2024f-check\misis2024f-24-01-evstigneev-d-a\build.check\prj.test\rational_doctest.vcxproj]
    54>D:\projects\misis2024f-check\misis2024f-24-01-evstigneev-d-a\prj.lab\rational\rational.hpp(61,60): error C2238: непредвиденные лексемы перед ";" [D:\projects\misis2024f-check\misis2024f-24-01-evstigneev-d-a\build.check\prj.test\rational_doctest.vcxproj]
    54>D:\projects\misis2024f-check\misis2024f-24-01-evstigneev-d-a\prj.lab\rational\rational.hpp(161,13): error C2039: "ostream": не является членом "std". [D:\projects\misis2024f-check\misis2024f-24-01-evstigneev-d-a\build.check\prj.test\rational_doctest.vcxproj]
    54>D:\projects\misis2024f-check\misis2024f-24-01-evstigneev-d-a\prj.lab\rational\rational.hpp(161,20): error C2143: синтаксическая ошибка: отсутствие ";" перед "&" [D:\projects\misis2024f-check\misis2024f-24-01-evstigneev-d-a\build.check\prj.test\rational_doctest.vcxproj]
    54>D:\projects\misis2024f-check\misis2024f-24-01-evstigneev-d-a\prj.lab\rational\rational.hpp(161,20): error C4430: отсутствует спецификатор типа - предполагается int. Примечание. C++ не поддерживает int по умолчанию [D:\projects\misis2024f-check\misis2024f-24-01-evstigneev-d-a\build.check\prj.test\rational_doctest.vcxproj]
    54>D:\projects\misis2024f-check\misis2024f-24-01-evstigneev-d-a\prj.lab\rational\rational.hpp(161,38): error C2039: "ostream": не является членом "std". [D:\projects\misis2024f-check\misis2024f-24-01-evstigneev-d-a\build.check\prj.test\rational_doctest.vcxproj]
    54>D:\projects\misis2024f-check\misis2024f-24-01-evstigneev-d-a\prj.lab\rational\rational.hpp(161,22): error C2473: operator <<: выглядит как определение функции, но без списка параметров. [D:\projects\misis2024f-check\misis2024f-24-01-evstigneev-d-a\build.check\prj.test\rational_doctest.vcxproj]
    54>D:\projects\misis2024f-check\misis2024f-24-01-evstigneev-d-a\prj.lab\rational\rational.hpp(161,45): error C4430: отсутствует спецификатор типа - предполагается int. Примечание. C++ не поддерживает int по умолчанию [D:\projects\misis2024f-check\misis2024f-24-01-evstigneev-d-a\build.check\prj.test\rational_doctest.vcxproj]
    54>D:\projects\misis2024f-check\misis2024f-24-01-evstigneev-d-a\prj.lab\rational\rational.hpp(161,47): error C2065: outstream: необъявленный идентификатор [D:\projects\misis2024f-check\misis2024f-24-01-evstigneev-d-a\build.check\prj.test\rational_doctest.vcxproj]
    54>D:\projects\misis2024f-check\misis2024f-24-01-evstigneev-d-a\prj.lab\rational\rational.hpp(161,58): error C2059: синтаксическая ошибка: const [D:\projects\misis2024f-check\misis2024f-24-01-evstigneev-d-a\build.check\prj.test\rational_doctest.vcxproj]
    54>D:\projects\misis2024f-check\misis2024f-24-01-evstigneev-d-a\prj.lab\rational\rational.hpp(161,88): error C2143: синтаксическая ошибка: отсутствие ";" перед "{" [D:\projects\misis2024f-check\misis2024f-24-01-evstigneev-d-a\build.check\prj.test\rational_doctest.vcxproj]
    54>D:\projects\misis2024f-check\misis2024f-24-01-evstigneev-d-a\prj.lab\rational\rational.hpp(161,88): error C2447: {: отсутствует заголовок функции (возможно, используется формальный список старого типа) [D:\projects\misis2024f-check\misis2024f-24-01-evstigneev-d-a\build.check\prj.test\rational_doctest.vcxproj]
    54>D:\projects\misis2024f-check\misis2024f-24-01-evstigneev-d-a\prj.lab\rational\rational.hpp(164,13): error C2039: "istream": не является членом "std". [D:\projects\misis2024f-check\misis2024f-24-01-evstigneev-d-a\build.check\prj.test\rational_doctest.vcxproj]
    54>D:\projects\misis2024f-check\misis2024f-24-01-evstigneev-d-a\prj.lab\rational\rational.hpp(164,20): error C2143: синтаксическая ошибка: отсутствие ";" перед "&" [D:\projects\misis2024f-check\misis2024f-24-01-evstigneev-d-a\build.check\prj.test\rational_doctest.vcxproj]
    54>D:\projects\misis2024f-check\misis2024f-24-01-evstigneev-d-a\prj.lab\rational\rational.hpp(164,20): error C4430: отсутствует спецификатор типа - предполагается int. Примечание. C++ не поддерживает int по умолчанию [D:\projects\misis2024f-check\misis2024f-24-01-evstigneev-d-a\build.check\prj.test\rational_doctest.vcxproj]
    54>D:\projects\misis2024f-check\misis2024f-24-01-evstigneev-d-a\prj.lab\rational\rational.hpp(164,38): error C2039: "istream": не является членом "std". [D:\projects\misis2024f-check\misis2024f-24-01-evstigneev-d-a\build.check\prj.test\rational_doctest.vcxproj]
    54>D:\projects\misis2024f-check\misis2024f-24-01-evstigneev-d-a\prj.lab\rational\rational.hpp(164,22): error C2473: operator >>: выглядит как определение функции, но без списка параметров. [D:\projects\misis2024f-check\misis2024f-24-01-evstigneev-d-a\build.check\prj.test\rational_doctest.vcxproj]
    54>D:\projects\misis2024f-check\misis2024f-24-01-evstigneev-d-a\prj.lab\rational\rational.hpp(164,45): error C4430: отсутствует спецификатор типа - предполагается int. Примечание. C++ не поддерживает int по умолчанию [D:\projects\misis2024f-check\misis2024f-24-01-evstigneev-d-a\build.check\prj.test\rational_doctest.vcxproj]
    54>D:\projects\misis2024f-check\misis2024f-24-01-evstigneev-d-a\prj.lab\rational\rational.hpp(164,47): error C2065: instream: необъявленный идентификатор [D:\projects\misis2024f-check\misis2024f-24-01-evstigneev-d-a\build.check\prj.test\rational_doctest.vcxproj]
    54>D:\projects\misis2024f-check\misis2024f-24-01-evstigneev-d-a\prj.lab\rational\rational.hpp(164,67): error C2065: rhs: необъявленный идентификатор [D:\projects\misis2024f-check\misis2024f-24-01-evstigneev-d-a\build.check\prj.test\rational_doctest.vcxproj]
    54>D:\projects\misis2024f-check\misis2024f-24-01-evstigneev-d-a\prj.lab\rational\rational.hpp(164,57): error C2275: "Rational": ожидается выражение вместо типа [D:\projects\misis2024f-check\misis2024f-24-01-evstigneev-d-a\build.check\prj.test\rational_doctest.vcxproj]
    54>D:\projects\misis2024f-check\misis2024f-24-01-evstigneev-d-a\prj.lab\rational\rational.hpp(164,32): error C2440: инициализация: невозможно преобразовать "initializer list" в "int &" [D:\projects\misis2024f-check\misis2024f-24-01-evstigneev-d-a\build.check\prj.test\rational_doctest.vcxproj]
    54>D:\projects\misis2024f-check\misis2024f-24-01-evstigneev-d-a\prj.lab\rational\rational.hpp(164,72): error C2059: синтаксическая ошибка: noexcept [D:\projects\misis2024f-check\misis2024f-24-01-evstigneev-d-a\build.check\prj.test\rational_doctest.vcxproj]
    54>D:\projects\misis2024f-check\misis2024f-24-01-evstigneev-d-a\prj.lab\rational\rational.hpp(164,81): error C2143: синтаксическая ошибка: отсутствие ";" перед "{" [D:\projects\misis2024f-check\misis2024f-24-01-evstigneev-d-a\build.check\prj.test\rational_doctest.vcxproj]
    54>D:\projects\misis2024f-check\misis2024f-24-01-evstigneev-d-a\prj.lab\rational\rational.hpp(164,81): error C2447: {: отсутствует заголовок функции (возможно, используется формальный список старого типа) [D:\projects\misis2024f-check\misis2024f-24-01-evstigneev-d-a\build.check\prj.test\rational_doctest.vcxproj]
    54>D:\projects\misis2024f-check\misis2024f-24-01-evstigneev-d-a\prj.test\doctest.h(1172,1): error C1907: не удается восстановить после предыдущих ошибок; остановка компиляции [D:\projects\misis2024f-check\misis2024f-24-01-evstigneev-d-a\build.check\prj.test\rational_doctest.vcxproj]
    51>D:\projects\misis2024f-check\misis2024f-24-01-evstigneev-d-a\prj.lab\rational\rational.hpp(58,14): error C2039: "ostream": не является членом "std". [D:\projects\misis2024f-check\misis2024f-24-01-evstigneev-d-a\build.check\prj.check\prj.check\doctest_rational\doctest_rational.vcxproj]
    51>D:\projects\misis2024f-check\misis2024f-24-01-evstigneev-d-a\prj.lab\rational\rational.hpp(58,21): error C2143: синтаксическая ошибка: отсутствие ";" перед "&" [D:\projects\misis2024f-check\misis2024f-24-01-evstigneev-d-a\build.check\prj.check\prj.check\doctest_rational\doctest_rational.vcxproj]
    51>D:\projects\misis2024f-check\misis2024f-24-01-evstigneev-d-a\prj.lab\rational\rational.hpp(58,21): error C4430: отсутствует спецификатор типа - предполагается int. Примечание. C++ не поддерживает int по умолчанию [D:\projects\misis2024f-check\misis2024f-24-01-evstigneev-d-a\build.check\prj.check\prj.check\doctest_rational\doctest_rational.vcxproj]
    51>D:\projects\misis2024f-check\misis2024f-24-01-evstigneev-d-a\prj.lab\rational\rational.hpp(58,34): error C2039: "ostream": не является членом "std". [D:\projects\misis2024f-check\misis2024f-24-01-evstigneev-d-a\build.check\prj.check\prj.check\doctest_rational\doctest_rational.vcxproj]
    51>D:\projects\misis2024f-check\misis2024f-24-01-evstigneev-d-a\prj.lab\rational\rational.hpp(58,68): error C2238: непредвиденные лексемы перед ";" [D:\projects\misis2024f-check\misis2024f-24-01-evstigneev-d-a\build.check\prj.check\prj.check\doctest_rational\doctest_rational.vcxproj]
    51>D:\projects\misis2024f-check\misis2024f-24-01-evstigneev-d-a\prj.lab\rational\rational.hpp(61,14): error C2039: "istream": не является членом "std". [D:\projects\misis2024f-check\misis2024f-24-01-evstigneev-d-a\build.check\prj.check\prj.check\doctest_rational\doctest_rational.vcxproj]
    51>D:\projects\misis2024f-check\misis2024f-24-01-evstigneev-d-a\prj.lab\rational\rational.hpp(61,21): error C2143: синтаксическая ошибка: отсутствие ";" перед "&" [D:\projects\misis2024f-check\misis2024f-24-01-evstigneev-d-a\build.check\prj.check\prj.check\doctest_rational\doctest_rational.vcxproj]
    51>D:\projects\misis2024f-check\misis2024f-24-01-evstigneev-d-a\prj.lab\rational\rational.hpp(61,21): error C4430: отсутствует спецификатор типа - предполагается int. Примечание. C++ не поддерживает int по умолчанию [D:\projects\misis2024f-check\misis2024f-24-01-evstigneev-d-a\build.check\prj.check\prj.check\doctest_rational\doctest_rational.vcxproj]
    51>D:\projects\misis2024f-check\misis2024f-24-01-evstigneev-d-a\prj.lab\rational\rational.hpp(61,33): error C2039: "istream": не является членом "std". [D:\projects\misis2024f-check\misis2024f-24-01-evstigneev-d-a\build.check\prj.check\prj.check\doctest_rational\doctest_rational.vcxproj]
    51>D:\projects\misis2024f-check\misis2024f-24-01-evstigneev-d-a\prj.lab\rational\rational.hpp(61,60): error C2238: непредвиденные лексемы перед ";" [D:\projects\misis2024f-check\misis2024f-24-01-evstigneev-d-a\build.check\prj.check\prj.check\doctest_rational\doctest_rational.vcxproj]
    51>D:\projects\misis2024f-check\misis2024f-24-01-evstigneev-d-a\prj.lab\rational\rational.hpp(161,13): error C2039: "ostream": не является членом "std". [D:\projects\misis2024f-check\misis2024f-24-01-evstigneev-d-a\build.check\prj.check\prj.check\doctest_rational\doctest_rational.vcxproj]
    51>D:\projects\misis2024f-check\misis2024f-24-01-evstigneev-d-a\prj.lab\rational\rational.hpp(161,20): error C2143: синтаксическая ошибка: отсутствие ";" перед "&" [D:\projects\misis2024f-check\misis2024f-24-01-evstigneev-d-a\build.check\prj.check\prj.check\doctest_rational\doctest_rational.vcxproj]
    51>D:\projects\misis2024f-check\misis2024f-24-01-evstigneev-d-a\prj.lab\rational\rational.hpp(161,20): error C4430: отсутствует спецификатор типа - предполагается int. Примечание. C++ не поддерживает int по умолчанию [D:\projects\misis2024f-check\misis2024f-24-01-evstigneev-d-a\build.check\prj.check\prj.check\doctest_rational\doctest_rational.vcxproj]
    51>D:\projects\misis2024f-check\misis2024f-24-01-evstigneev-d-a\prj.lab\rational\rational.hpp(161,38): error C2039: "ostream": не является членом "std". [D:\projects\misis2024f-check\misis2024f-24-01-evstigneev-d-a\build.check\prj.check\prj.check\doctest_rational\doctest_rational.vcxproj]
    51>D:\projects\misis2024f-check\misis2024f-24-01-evstigneev-d-a\prj.lab\rational\rational.hpp(161,22): error C2473: operator <<: выглядит как определение функции, но без списка параметров. [D:\projects\misis2024f-check\misis2024f-24-01-evstigneev-d-a\build.check\prj.check\prj.check\doctest_rational\doctest_rational.vcxproj]
    51>D:\projects\misis2024f-check\misis2024f-24-01-evstigneev-d-a\prj.lab\rational\rational.hpp(161,45): error C4430: отсутствует спецификатор типа - предполагается int. Примечание. C++ не поддерживает int по умолчанию [D:\projects\misis2024f-check\misis2024f-24-01-evstigneev-d-a\build.check\prj.check\prj.check\doctest_rational\doctest_rational.vcxproj]
    51>D:\projects\misis2024f-check\misis2024f-24-01-evstigneev-d-a\prj.lab\rational\rational.hpp(161,47): error C2065: outstream: необъявленный идентификатор [D:\projects\misis2024f-check\misis2024f-24-01-evstigneev-d-a\build.check\prj.check\prj.check\doctest_rational\doctest_rational.vcxproj]
    51>D:\projects\misis2024f-check\misis2024f-24-01-evstigneev-d-a\prj.lab\rational\rational.hpp(161,58): error C2059: синтаксическая ошибка: const [D:\projects\misis2024f-check\misis2024f-24-01-evstigneev-d-a\build.check\prj.check\prj.check\doctest_rational\doctest_rational.vcxproj]
    51>D:\projects\misis2024f-check\misis2024f-24-01-evstigneev-d-a\prj.lab\rational\rational.hpp(161,88): error C2143: синтаксическая ошибка: отсутствие ";" перед "{" [D:\projects\misis2024f-check\misis2024f-24-01-evstigneev-d-a\build.check\prj.check\prj.check\doctest_rational\doctest_rational.vcxproj]
    51>D:\projects\misis2024f-check\misis2024f-24-01-evstigneev-d-a\prj.lab\rational\rational.hpp(161,88): error C2447: {: отсутствует заголовок функции (возможно, используется формальный список старого типа) [D:\projects\misis2024f-check\misis2024f-24-01-evstigneev-d-a\build.check\prj.check\prj.check\doctest_rational\doctest_rational.vcxproj]
    51>D:\projects\misis2024f-check\misis2024f-24-01-evstigneev-d-a\prj.lab\rational\rational.hpp(164,13): error C2039: "istream": не является членом "std". [D:\projects\misis2024f-check\misis2024f-24-01-evstigneev-d-a\build.check\prj.check\prj.check\doctest_rational\doctest_rational.vcxproj]
    51>D:\projects\misis2024f-check\misis2024f-24-01-evstigneev-d-a\prj.lab\rational\rational.hpp(164,20): error C2143: синтаксическая ошибка: отсутствие ";" перед "&" [D:\projects\misis2024f-check\misis2024f-24-01-evstigneev-d-a\build.check\prj.check\prj.check\doctest_rational\doctest_rational.vcxproj]
    51>D:\projects\misis2024f-check\misis2024f-24-01-evstigneev-d-a\prj.lab\rational\rational.hpp(164,20): error C4430: отсутствует спецификатор типа - предполагается int. Примечание. C++ не поддерживает int по умолчанию [D:\projects\misis2024f-check\misis2024f-24-01-evstigneev-d-a\build.check\prj.check\prj.check\doctest_rational\doctest_rational.vcxproj]
    51>D:\projects\misis2024f-check\misis2024f-24-01-evstigneev-d-a\prj.lab\rational\rational.hpp(164,38): error C2039: "istream": не является членом "std". [D:\projects\misis2024f-check\misis2024f-24-01-evstigneev-d-a\build.check\prj.check\prj.check\doctest_rational\doctest_rational.vcxproj]
    51>D:\projects\misis2024f-check\misis2024f-24-01-evstigneev-d-a\prj.lab\rational\rational.hpp(164,22): error C2473: operator >>: выглядит как определение функции, но без списка параметров. [D:\projects\misis2024f-check\misis2024f-24-01-evstigneev-d-a\build.check\prj.check\prj.check\doctest_rational\doctest_rational.vcxproj]
    51>D:\projects\misis2024f-check\misis2024f-24-01-evstigneev-d-a\prj.lab\rational\rational.hpp(164,45): error C4430: отсутствует спецификатор типа - предполагается int. Примечание. C++ не поддерживает int по умолчанию [D:\projects\misis2024f-check\misis2024f-24-01-evstigneev-d-a\build.check\prj.check\prj.check\doctest_rational\doctest_rational.vcxproj]
    51>D:\projects\misis2024f-check\misis2024f-24-01-evstigneev-d-a\prj.lab\rational\rational.hpp(164,47): error C2065: instream: необъявленный идентификатор [D:\projects\misis2024f-check\misis2024f-24-01-evstigneev-d-a\build.check\prj.check\prj.check\doctest_rational\doctest_rational.vcxproj]
    51>D:\projects\misis2024f-check\misis2024f-24-01-evstigneev-d-a\prj.lab\rational\rational.hpp(164,67): error C2065: rhs: необъявленный идентификатор [D:\projects\misis2024f-check\misis2024f-24-01-evstigneev-d-a\build.check\prj.check\prj.check\doctest_rational\doctest_rational.vcxproj]
    51>D:\projects\misis2024f-check\misis2024f-24-01-evstigneev-d-a\prj.lab\rational\rational.hpp(164,57): error C2275: "Rational": ожидается выражение вместо типа [D:\projects\misis2024f-check\misis2024f-24-01-evstigneev-d-a\build.check\prj.check\prj.check\doctest_rational\doctest_rational.vcxproj]
    51>D:\projects\misis2024f-check\misis2024f-24-01-evstigneev-d-a\prj.lab\rational\rational.hpp(164,32): error C2440: инициализация: невозможно преобразовать "initializer list" в "int &" [D:\projects\misis2024f-check\misis2024f-24-01-evstigneev-d-a\build.check\prj.check\prj.check\doctest_rational\doctest_rational.vcxproj]
    51>D:\projects\misis2024f-check\misis2024f-24-01-evstigneev-d-a\prj.lab\rational\rational.hpp(164,72): error C2059: синтаксическая ошибка: noexcept [D:\projects\misis2024f-check\misis2024f-24-01-evstigneev-d-a\build.check\prj.check\prj.check\doctest_rational\doctest_rational.vcxproj]
    51>D:\projects\misis2024f-check\misis2024f-24-01-evstigneev-d-a\prj.lab\rational\rational.hpp(164,81): error C2143: синтаксическая ошибка: отсутствие ";" перед "{" [D:\projects\misis2024f-check\misis2024f-24-01-evstigneev-d-a\build.check\prj.check\prj.check\doctest_rational\doctest_rational.vcxproj]
    51>D:\projects\misis2024f-check\misis2024f-24-01-evstigneev-d-a\prj.lab\rational\rational.hpp(164,81): error C2447: {: отсутствует заголовок функции (возможно, используется формальный список старого типа) [D:\projects\misis2024f-check\misis2024f-24-01-evstigneev-d-a\build.check\prj.check\prj.check\doctest_rational\doctest_rational.vcxproj]
    51>D:\programs\vcpkg\installed\x64-windows\include\doctest\doctest.h(1172,1): error C1907: не удается восстановить после предыдущих ошибок; остановка компиляции [D:\projects\misis2024f-check\misis2024f-24-01-evstigneev-d-a\build.check\prj.check\prj.check\doctest_rational\doctest_rational.vcxproj]
    55>D:\projects\misis2024f-check\misis2024f-24-01-evstigneev-d-a\prj.test\rational_test.cpp(9,26): error C1907: не удается восстановить после предыдущих ошибок; остановка компиляции [D:\projects\misis2024f-check\misis2024f-24-01-evstigneev-d-a\build.check\prj.test\rational_test.vcxproj]
    49>D:\projects\misis2024f-check\misis2024f-24-01-evstigneev-d-a\prj.check\prj.check\doctest_complex\doctest_complex.cpp(120,3): error C2678: бинарный "/": не найден оператор, принимающий левый операнд типа "int" (или приемлемое преобразование отсутствует) [D:\projects\misis2024f-check\misis2024f-24-01-evstigneev-d-a\build.check\prj.check\prj.check\doctest_complex\doctest_complex.vcxproj]
